Arguments: 
  C:\Program Files\nodejs\node.exe C:\Program Files\nodejs\node_modules\yarn\bin\yarn.js add jsonwebtoken mongoose express bcryptjs

PATH: 
  C:\Windows\system32;C:\Windows;C:\Windows\System32\Wbem;C:\Windows\System32\WindowsPowerShell\v1.0\;C:\Windows\System32\OpenSSH\;C:\Program Files\NVIDIA Corporation\NVIDIA NvDLISR;C:\Program Files\Microsoft VS Code\bin;C:\Users\17748\AppData\Roaming\nvm;C:\Program Files\nodejs;D:\soft\mysql-8.0.31-winx64\bin;D:\soft\redis\;D:\soft\微信web开发者工具\dll;D:\soft\Git\cmd;C:\Program Files\dotnet\;C:\Users\17748\.windows-build-tools\python27;C:\Users\17748\.windows-build-tools\python27\Scripts;D:\soft\flutter\bin;D:\soft\jdk8\bin;D:\soft\jdk8\jre8\bin;C:\Users\17748\.windows-build-tools\python27\;C:\Users\17748\AppData\Local\Microsoft\WindowsApps;C:\Users\17748\.dotnet\tools;D:\soft\Fiddler;C:\Users\17748\.dotnet\tools;C:\Users\17748\AppData\Roaming\npm

Yarn version: 
  1.22.19

Node version: 
  16.14.0

Platform: 
  win32 x64

Trace: 
  Error: self signed certificate
      at TLSSocket.onConnectSecure (node:_tls_wrap:1530:34)
      at TLSSocket.emit (node:events:520:28)
      at TLSSocket._finishInit (node:_tls_wrap:944:8)
      at TLSWrap.ssl.onhandshakedone (node:_tls_wrap:725:12)

npm manifest: 
  {
    "name": "api",
    "version": "1.0.0",
    "main": "app.js",
    "license": "MIT"
  }

yarn manifest: 
  No manifest

Lockfile: 
  No lockfile
